SF:lib\echo_port.dart
DA:14,3
DA:15,6
DA:16,6
DA:19,3
DA:20,3
DA:21,3
DA:22,9
DA:23,0
DA:24,0
DA:26,0
DA:30,2
DA:31,2
DA:34,6
DA:37,6
DA:40,3
DA:42,3
DA:45,3
DA:46,3
DA:47,6
DA:49,0
DA:54,3
DA:55,9
DA:56,1
DA:57,2
DA:58,4
DA:59,2
DA:64,2
DA:65,4
LF:28
LH:24
end_of_record
SF:lib\transformers.dart
DA:7,2
DA:8,2
DA:9,2
DA:11,2
DA:15,2
DA:16,1
DA:19,6
DA:21,4
DA:22,10
DA:31,2
DA:58,1
DA:64,2
DA:65,2
DA:66,1
DA:67,1
DA:68,0
DA:69,0
DA:71,0
DA:72,0
DA:86,1
DA:92,2
DA:93,2
DA:94,2
DA:97,2
DA:98,8
DA:99,4
DA:100,4
DA:101,2
DA:104,1
DA:105,2
DA:106,1
DA:109,2
DA:110,8
DA:111,0
DA:113,4
DA:115,12
DA:116,6
DA:117,2
DA:121,2
DA:122,4
DA:124,1
DA:125,6
DA:127,4
DA:128,12
DA:132,2
DA:134,2
DA:135,4
DA:138,0
DA:140,0
DA:170,1
DA:176,2
DA:177,2
DA:178,1
DA:179,1
DA:180,0
DA:181,0
DA:183,0
DA:184,0
DA:200,1
DA:206,2
DA:207,2
DA:208,2
DA:211,2
DA:212,8
DA:213,4
DA:214,4
DA:215,2
DA:218,1
DA:219,2
DA:220,1
DA:223,2
DA:224,8
DA:225,0
DA:227,4
DA:229,12
DA:230,6
DA:231,2
DA:235,2
DA:236,4
DA:238,1
DA:239,6
DA:241,6
DA:242,12
DA:246,2
DA:248,2
DA:249,4
DA:252,0
DA:254,0
DA:285,1
DA:291,2
DA:292,2
DA:293,1
DA:294,1
DA:295,0
DA:296,0
DA:298,0
DA:299,0
DA:304,0
DA:310,0
DA:311,0
DA:312,0
DA:315,1
DA:316,1
DA:317,4
DA:318,2
DA:319,2
DA:320,1
DA:323,1
DA:324,1
DA:325,2
DA:326,1
DA:329,1
DA:330,1
DA:331,4
DA:332,0
DA:335,2
DA:337,3
DA:338,3
DA:339,1
DA:343,1
DA:344,3
DA:347,6
DA:352,4
DA:353,7
DA:358,2
DA:359,7
DA:360,7
DA:364,1
DA:366,1
DA:367,2
DA:370,0
DA:372,0
DA:374,0
DA:375,0
DA:376,0
DA:378,0
DA:381,1
DA:382,2
DA:383,1
DA:386,1
DA:387,1
DA:388,4
LF:142
LH:113
end_of_record
SF:lib\transaction.dart
DA:36,1
DA:38,1
DA:39,2
DA:42,0
DA:44,0
DA:45,0
DA:48,1
DA:50,2
DA:51,1
DA:55,1
DA:56,1
DA:57,2
DA:61,1
DA:66,4
DA:68,1
DA:73,3
DA:75,1
DA:85,1
DA:90,4
DA:92,3
DA:97,1
DA:107,1
DA:109,2
DA:110,1
DA:111,1
DA:116,0
DA:117,0
LF:27
LH:22
end_of_record
